[debug] > Exec(sbtStashOnFailure, None, None)
[debug] > Exec(sbtMapExec 7 __23646a5c-4a9e-4605-ac15-d27c777684be, None, None)
[debug] > Exec(bspScalaTestClasses file:/Users/calvinkhor/Documents/Docs,%20PDFs/Coding/scala/learning_scala/#learning_scala/Compile file:/Users/calvinkhor/Documents/Docs,%20PDFs/Coding/scala/learning_scala/#learning_scala/Test file:/Users/calvinkhor/Documents/Docs,%20PDFs/Coding/scala/learning_scala/#learning_scala-build, Some(__23646a5c-4a9e-4605-ac15-d27c777684be), Some(CommandSource(network-1)))
[debug] jsonRpcNotify: JsonRpcNotificationMessage(2.0, build/logMessage, {"type":4,"message":"Processing buildTarget/scalaTestClasses"})
[debug] Evaluating tasks: bspScalaTestClasses
[debug] Running task... Cancel: Signal, check cycles: false, forcegc: true
[warn] buildTarget/scalaTestClasses is a no-op for build.sbt targets: [BuildTargetIdentifier(file:/Users/calvinkhor/Documents/Docs,%20PDFs/Coding/scala/learning_scala/#learning_scala-build)]
[debug] jsonRpcNotify: JsonRpcNotificationMessage(2.0, build/taskStart, {"taskId":{"id":"4","parents":[]},"eventTime":1672108649360,"message":"Compiling learning_scala","dataKind":"compile-task","data":{"target":{"uri":"file:/Users/calvinkhor/Documents/Docs,%20PDFs/Coding/scala/learning_scala/#learning_scala/Compile"}}})
[debug] jsonRpcNotify: JsonRpcNotificationMessage(2.0, build/taskFinish, {"taskId":{"id":"4","parents":[]},"eventTime":1672108649368,"message":"Compiled learning_scala","status":1,"dataKind":"compile-report","data":{"target":{"uri":"file:/Users/calvinkhor/Documents/Docs,%20PDFs/Coding/scala/learning_scala/#learning_scala/Compile"},"errors":0,"warnings":0,"time":8}})
[debug] jsonRpcNotify: JsonRpcNotificationMessage(2.0, build/taskStart, {"taskId":{"id":"5","parents":[]},"eventTime":1672108649374,"message":"Compiling learning_scala-test","dataKind":"compile-task","data":{"target":{"uri":"file:/Users/calvinkhor/Documents/Docs,%20PDFs/Coding/scala/learning_scala/#learning_scala/Test"}}})
[debug] jsonRpcNotify: JsonRpcNotificationMessage(2.0, build/taskFinish, {"taskId":{"id":"5","parents":[]},"eventTime":1672108649382,"message":"Compiled learning_scala-test","status":1,"dataKind":"compile-report","data":{"target":{"uri":"file:/Users/calvinkhor/Documents/Docs,%20PDFs/Coding/scala/learning_scala/#learning_scala/Test"},"errors":0,"warnings":0,"time":8}})
[success] Total time: 0 s, completed 27 Dec 2022, 10:37:29
[debug] > Exec(sbtCompleteExec 7, None, None)
[debug] > Exec(resumeFromFailure, None, None)
[debug] > Exec(sbtPopOnFailure, None, None)
[debug] > Exec(sbtReportResult 7, Some(7), Some(CommandSource(network-1)))
[debug] unmatched Processing event for requestId Some(7): None
[debug] unmatched json response for requestId Some(7): {"status":"Done","channelName":"network-1","execId":"7","commandQueue":["shell"],"exitCode":0}
[debug] > Exec(shell, None, None)
[debug] Forcing garbage collection...
