2023.02.23 15:37:00 INFO  tracing is disabled for protocol LSP, to enable tracing of incoming and outgoing JSON messages create an empty file at /Users/calvinkhor/Documents/GitHub/learning_scala/coursera-1-Functional Programming Principles in Scala/w6/worksheets/.metals/lsp.trace.json or /Users/calvinkhor/Library/Caches/org.scalameta.metals/lsp.trace.json
2023.02.23 15:37:01 INFO  logging to file /Users/calvinkhor/Documents/GitHub/learning_scala/coursera-1-Functional Programming Principles in Scala/w6/worksheets/.metals/metals.log
2023.02.23 15:37:01 INFO  Started: Metals version 0.11.10 in workspace '/Users/calvinkhor/Documents/GitHub/learning_scala/coursera-1-Functional Programming Principles in Scala/w6/worksheets' for client Visual Studio Code 1.75.1.
SLF4J: No SLF4J providers were found.
SLF4J: Defaulting to no-operation (NOP) logger implementation
SLF4J: See https://www.slf4j.org/codes.html#noProviders for further details.
SLF4J: Class path contains SLF4J bindings targeting slf4j-api versions 1.7.x or earlier.
SLF4J: Ignoring binding found at [jar:file:/Users/calvinkhor/Library/Caches/Coursier/v1/https/repo1.maven.org/maven2/com/outr/scribe-slf4j_2.13/3.10.5/scribe-slf4j_2.13-3.10.5.jar!/org/slf4j/impl/StaticLoggerBinder.class]
SLF4J: See https://www.slf4j.org/codes.html#ignoredBindings for an explanation.
2023.02.23 15:37:04 INFO  time: initialize in 2.64s
2023.02.23 15:37:09 WARN  Build server is not auto-connectable.
2023.02.23 15:37:09 WARN  no build target for: /Users/calvinkhor/Documents/GitHub/learning_scala/coursera-1-Functional Programming Principles in Scala/w6/worksheets/queens.worksheet.sc
2023.02.23 15:37:12 INFO  running '/Library/Java/JavaVirtualMachines/temurin-17.jdk/Contents/Home/bin/java -Djline.terminal=jline.UnsupportedTerminal -Dsbt.log.noformat=true -Dfile.encoding=UTF-8 -Dsbt.version=1.8.0 -jar /var/folders/xs/ys0k0ptj449_1rn77ff_pcxm0000gn/T/metals5404180835171768111/sbt-launch.jar -Dbloop.export-jar-classifiers=sources bloopInstall'
2023.02.23 15:37:12 WARN  no build target for: /Users/calvinkhor/Documents/GitHub/learning_scala/coursera-1-Functional Programming Principles in Scala/w6/worksheets/project/metals.sbt
2023.02.23 15:37:12 WARN  no build target for: /Users/calvinkhor/Documents/GitHub/learning_scala/coursera-1-Functional Programming Principles in Scala/w6/worksheets/project/project/metals.sbt
2023.02.23 15:37:12 INFO  skipping build import with status 'Started'
2023.02.23 15:37:17 INFO  [info] Updated file /Users/calvinkhor/Documents/GitHub/learning_scala/coursera-1-Functional Programming Principles in Scala/w6/worksheets/project/build.properties: set sbt.version to 1.8.0
2023.02.23 15:37:17 INFO  [info] welcome to sbt 1.8.0 (Eclipse Adoptium Java 17.0.5)
2023.02.23 15:37:23 INFO  no build target found for /Users/calvinkhor/Documents/GitHub/learning_scala/coursera-1-Functional Programming Principles in Scala/w6/worksheets/queens.worksheet.sc. Using presentation compiler with project's scala-library version: 3.2.1
2023.02.23 15:37:28 INFO  [info] loading settings for project worksheets-build-build from metals.sbt ...
2023.02.23 15:37:30 INFO  [info] loading project definition from /Users/calvinkhor/Documents/GitHub/learning_scala/coursera-1-Functional Programming Principles in Scala/w6/worksheets/project/project
2023.02.23 15:37:33 INFO  time: code lens generation in 20s
2023.02.23 15:37:33 INFO  time: code lens generation in 4.64s
2023.02.23 15:37:33 INFO  time: code lens generation in 23s
2023.02.23 15:37:36 WARN  no build target for: /Users/calvinkhor/Documents/GitHub/learning_scala/coursera-1-Functional Programming Principles in Scala/w6/worksheets/build.sbt
2023.02.23 15:37:38 INFO  [info] loading settings for project worksheets-build from metals.sbt ...
2023.02.23 15:37:38 INFO  [info] loading project definition from /Users/calvinkhor/Documents/GitHub/learning_scala/coursera-1-Functional Programming Principles in Scala/w6/worksheets/project
2023.02.23 15:37:42 WARN  no build target for: /Users/calvinkhor/Documents/GitHub/learning_scala/coursera-1-Functional Programming Principles in Scala/w6/worksheets/queens.worksheet.sc
2023.02.23 15:37:43 INFO  [success] Generated .bloop/worksheets-build.json
2023.02.23 15:37:43 INFO  [success] Total time: 5 s, completed 23 Feb 2023, 15:37:43
2023.02.23 15:37:44 INFO  no build target found for /Users/calvinkhor/Documents/GitHub/learning_scala/coursera-1-Functional Programming Principles in Scala/w6/worksheets/queens.worksheet.sc. Using presentation compiler with project's scala-library version: 3.2.1
2023.02.23 15:37:44 INFO  time: evaluated worksheet 'queens.worksheet.sc' in 34s
2023.02.23 15:37:47 ERROR /Users/calvinkhor/Documents/GitHub/learning_scala/coursera-1-Functional Programming Principles in Scala/w6/worksheets/build.sbt:2: error: not found: value buildTarget
2023.02.23 15:37:47 ERROR buildTarget := "root"
2023.02.23 15:37:47 ERROR ^
2023.02.23 15:37:47 INFO  [error] Type error in expression
2023.02.23 15:37:47 INFO  [warn] Project loading failed: (r)etry, (q)uit, (l)ast, or (i)gnore? (default: r)
2023.02.23 15:37:47 INFO  time: ran 'sbt bloopInstall' in 34s
2023.02.23 15:37:47 ERROR sbt command failed: /Library/Java/JavaVirtualMachines/temurin-17.jdk/Contents/Home/bin/java -Djline.terminal=jline.UnsupportedTerminal -Dsbt.log.noformat=true -Dfile.encoding=UTF-8 -Dsbt.version=1.8.0 -jar /var/folders/xs/ys0k0ptj449_1rn77ff_pcxm0000gn/T/metals5404180835171768111/sbt-launch.jar -Dbloop.export-jar-classifiers=sources bloopInstall
2023.02.23 15:37:48 INFO  time: evaluated worksheet 'queens.worksheet.sc' in 4.09s
2023.02.23 15:54:07 INFO  shutting down Metals
